<?xml version="1.0" encoding="UTF-8"?>
<!-- Generated by org.testng.reporters.JUnitReportReporter -->
<testsuite ignored="0" hostname="DESKTOP-R9QUHJG" failures="0" tests="1" name="com.tablerovencimiento.testng.TableroVencimientoTest" time="54.101" errors="0" timestamp="07 jul. 2021 07:36:08 GMT" skipped="0">
  <testcase classname="com.tablerovencimiento.testng.TableroVencimientoTest" name="testFlujo1" time="54.101"/>
</testsuite> <!-- com.tablerovencimiento.testng.TableroVencimientoTest -->
