<?xml version="1.0" encoding="UTF-8"?>
<!-- Generated by org.testng.reporters.JUnitReportReporter -->
<testsuite ignored="0" hostname="DESKTOP-R9QUHJG" failures="0" tests="1" name="com.tablerovencimiento.testng.TableroVencimientoTest" time="58.520" errors="0" timestamp="07 jul. 2021 17:00:37 GMT" skipped="0">
  <testcase classname="com.tablerovencimiento.testng.TableroVencimientoTest" name="testFlujo1" time="58.520"/>
</testsuite> <!-- com.tablerovencimiento.testng.TableroVencimientoTest -->
